<?xml version="1.0" encoding="UTF-8"?>
<testsuite name="Search products with different categories" tests="1" skipped="0" failures="1" errors="0" timestamp="2020-08-20T22:29:19" hostname="DESKTOP-S5BRHJP" time="229.345">
  <properties/>
  <testcase name="Find Meat Products" classname="Search products with different categories" time="229.345">
    <failure message="java.lang.AssertionError: ApplicationException should have a constructor with the signature MyException(String message) and MyException(String message, Throwable cause)" type="java.lang.AssertionError">java.lang.AssertionError: ApplicationException should have a constructor with the signature MyException(String message) and MyException(String message, Throwable cause)
	at net.serenitybdd.screenplay.ErrorTally.throwSummaryExceptionFrom(ErrorTally.java:36)
	at net.serenitybdd.screenplay.ErrorTally.reportAnyErrors(ErrorTally.java:30)
	at net.serenitybdd.screenplay.Actor.should(Actor.java:301)
	at com.sophos.certificacion.wong.stepdefinitions.BuyProductStepdefinitions.shouldValidateThePurchaseOfHisProduct(BuyProductStepdefinitions.java:48)
	at ✽.should validate the purchase of his product(src/test/resources/features/buy_product.feature:9)
</failure>
  </testcase>
  <system-out><![CDATA[]]></system-out>
  <system-err><![CDATA[ago 20, 2020 5:29:37 PM org.openqa.selenium.remote.DesiredCapabilities chrome
INFORMACIÓN: Using `new ChromeOptions()` is preferred to `DesiredCapabilities.chrome()`
[Test worker] INFO net.serenitybdd.core.webdriver.driverproviders.ProvideNewDriver - Instantiating driver
[Test worker] INFO net.serenitybdd.core.webdriver.driverproviders.ProvideNewDriver - Driver capabilities: Capabilities {acceptInsecureCerts: false, browserName: chrome, chrome.switches: --incognito,--start-maximiz..., goog:chromeOptions: {args: [--incognito, --start-maximized, --lang=es, --disable-download-notifica..., --test-type, --ignore-certificate-errors, --allow-running-insecure-co..., --disable-translate, --always-authorize-plugins, --disable-extensions, --enable-automation, --test-type], extensions: []}, platform: ANY, version: }
Starting ChromeDriver 84.0.4147.30 (48b3e868b4cc0aa7e8149519690b6f6949e110a8-refs/branch-heads/4147@{#310}) on port 36616
Only local connections are allowed.
Please see https://chromedriver.chromium.org/security-considerations for suggestions on keeping ChromeDriver safe.
ChromeDriver was started successfully.
ago 20, 2020 5:30:08 PM org.openqa.selenium.remote.ProtocolHandshake createSession
INFORMACIÓN: Detected dialect: W3C
[Test worker] ERROR net.thucydides.core.steps.ConsoleLoggingListener - 
           __  _____ _____ ____ _____   _____ _    ___ _     _____ ____  
  _       / / |_   _| ____/ ___|_   _| |  ___/ \  |_ _| |   | ____|  _ \ 
 (_)_____| |    | | |  _| \___ \ | |   | |_ / _ \  | || |   |  _| | | | |
  _|_____| |    | | | |___ ___) || |   |  _/ ___ \ | || |___| |___| |_| |
 (_)     | |    |_| |_____|____/ |_|   |_|/_/   \_\___|_____|_____|____/ 
          \_\                                                            

TEST FAILED: Find Meat Products
--------------------------------------------------------------------------
[Test worker] ERROR net.thucydides.core.steps.ConsoleLoggingListener - TEST FAILED AT STEP Then buy product
[Test worker] ERROR net.thucydides.core.steps.ConsoleLoggingListener - ApplicationException should have a constructor with the signature MyException(String message) and MyException(String message, Throwable cause)
]]></system-err>
</testsuite>
